c:\users\s-jobi604\desktop\004_大森直哉\quatro a\ソースファイル\pandemic\release\vc140.pdb
c:\users\s-jobi604\desktop\004_大森直哉\quatro a\ソースファイル\pandemic\release\polygon.obj
c:\users\s-jobi604\desktop\004_大森直哉\quatro a\ソースファイル\pandemic\release\number.obj
c:\users\s-jobi604\desktop\004_大森直哉\quatro a\ソースファイル\pandemic\release\map.obj
c:\users\s-jobi604\desktop\004_大森直哉\quatro a\ソースファイル\pandemic\release\main.obj
c:\users\s-jobi604\desktop\004_大森直哉\quatro a\ソースファイル\pandemic\release\life.obj
c:\users\s-jobi604\desktop\004_大森直哉\quatro a\ソースファイル\pandemic\release\input.obj
c:\users\s-jobi604\desktop\004_大森直哉\quatro a\ソースファイル\pandemic\release\game.obj
c:\users\s-jobi604\desktop\004_大森直哉\quatro a\ソースファイル\pandemic\release\font.obj
c:\users\s-jobi604\desktop\004_大森直哉\quatro a\ソースファイル\pandemic\release\fade.obj
c:\users\s-jobi604\desktop\004_大森直哉\quatro a\ソースファイル\pandemic\release\explosion.obj
c:\users\s-jobi604\desktop\004_大森直哉\quatro a\ソースファイル\pandemic\release\enemy.obj
c:\users\s-jobi604\desktop\004_大森直哉\quatro a\ソースファイル\pandemic\release\endgamescore.obj
c:\users\s-jobi604\desktop\004_大森直哉\quatro a\ソースファイル\pandemic\release\door.obj
c:\users\s-jobi604\desktop\004_大森直哉\quatro a\ソースファイル\pandemic\release\debugproc.obj
c:\users\s-jobi604\desktop\004_大森直哉\quatro a\ソースファイル\pandemic\release\collision.obj
c:\users\s-jobi604\desktop\004_大森直哉\quatro a\ソースファイル\pandemic\release\clear.obj
c:\users\s-jobi604\desktop\004_大森直哉\quatro a\ソースファイル\pandemic\release\bulletcounter.obj
c:\users\s-jobi604\desktop\004_大森直哉\quatro a\ソースファイル\pandemic\release\bullet.obj
c:\users\s-jobi604\desktop\004_大森直哉\quatro a\ソースファイル\pandemic\release\ball.obj
c:\users\s-jobi604\desktop\004_大森直哉\quatro a\ソースファイル\pandemic\release\back.obj
c:\users\s-jobi604\desktop\004_大森直哉\quatro a\ソースファイル\pandemic\release\wall.obj
c:\users\s-jobi604\desktop\004_大森直哉\quatro a\ソースファイル\pandemic\release\tutorial.obj
c:\users\s-jobi604\desktop\004_大森直哉\quatro a\ソースファイル\pandemic\release\totalscore.obj
c:\users\s-jobi604\desktop\004_大森直哉\quatro a\ソースファイル\pandemic\release\titleplayer.obj
c:\users\s-jobi604\desktop\004_大森直哉\quatro a\ソースファイル\pandemic\release\titlefont.obj
c:\users\s-jobi604\desktop\004_大森直哉\quatro a\ソースファイル\pandemic\release\titlearrow.obj
c:\users\s-jobi604\desktop\004_大森直哉\quatro a\ソースファイル\pandemic\release\title.obj
c:\users\s-jobi604\desktop\004_大森直哉\quatro a\ソースファイル\pandemic\release\time.obj
c:\users\s-jobi604\desktop\004_大森直哉\quatro a\ソースファイル\pandemic\release\sound.obj
c:\users\s-jobi604\desktop\004_大森直哉\quatro a\ソースファイル\pandemic\release\selectfont.obj
c:\users\s-jobi604\desktop\004_大森直哉\quatro a\ソースファイル\pandemic\release\resultscore.obj
c:\users\s-jobi604\desktop\004_大森直哉\quatro a\ソースファイル\pandemic\release\result.obj
c:\users\s-jobi604\desktop\004_大森直哉\quatro a\ソースファイル\pandemic\release\rankingscore.obj
c:\users\s-jobi604\desktop\004_大森直哉\quatro a\ソースファイル\pandemic\release\rankingplayer.obj
c:\users\s-jobi604\desktop\004_大森直哉\quatro a\ソースファイル\pandemic\release\ranking.obj
c:\users\s-jobi604\desktop\004_大森直哉\quatro a\ソースファイル\pandemic\release\pressenter.obj
c:\users\s-jobi604\desktop\004_大森直哉\quatro a\ソースファイル\pandemic\release\pandemic.exe
c:\users\s-jobi604\desktop\004_大森直哉\quatro a\ソースファイル\pandemic\release\pandemic.ipdb
c:\users\s-jobi604\desktop\004_大森直哉\quatro a\ソースファイル\pandemic\release\pandemic.iobj
c:\users\s-jobi604\desktop\004_大森直哉\quatro a\ソースファイル\pandemic\release\pandemic.pdb
c:\users\s-jobi604\desktop\004_大森直哉\quatro a\ソースファイル\pandemic\release\pandemic.tlog\cl.command.1.tlog
c:\users\s-jobi604\desktop\004_大森直哉\quatro a\ソースファイル\pandemic\release\pandemic.tlog\cl.read.1.tlog
c:\users\s-jobi604\desktop\004_大森直哉\quatro a\ソースファイル\pandemic\release\pandemic.tlog\cl.write.1.tlog
c:\users\s-jobi604\desktop\004_大森直哉\quatro a\ソースファイル\pandemic\release\pandemic.tlog\link.command.1.tlog
c:\users\s-jobi604\desktop\004_大森直哉\quatro a\ソースファイル\pandemic\release\pandemic.tlog\link.read.1.tlog
c:\users\s-jobi604\desktop\004_大森直哉\quatro a\ソースファイル\pandemic\release\pandemic.tlog\link.write.1.tlog
