c:\users\s-jobi604\desktop\quatro a\ソースファイル\pandemic\debug\vc140.pdb
c:\users\s-jobi604\desktop\quatro a\ソースファイル\pandemic\debug\vc140.idb
c:\users\s-jobi604\desktop\quatro a\ソースファイル\pandemic\debug\game.obj
c:\users\s-jobi604\desktop\quatro a\ソースファイル\pandemic\debug\input.obj
c:\users\s-jobi604\desktop\quatro a\ソースファイル\pandemic\debug\life.obj
c:\users\s-jobi604\desktop\quatro a\ソースファイル\pandemic\debug\main.obj
c:\users\s-jobi604\desktop\quatro a\ソースファイル\pandemic\debug\map.obj
c:\users\s-jobi604\desktop\quatro a\ソースファイル\pandemic\debug\number.obj
c:\users\s-jobi604\desktop\quatro a\ソースファイル\pandemic\debug\polygon.obj
c:\users\s-jobi604\desktop\quatro a\ソースファイル\pandemic\debug\pressenter.obj
c:\users\s-jobi604\desktop\quatro a\ソースファイル\pandemic\debug\ranking.obj
c:\users\s-jobi604\desktop\quatro a\ソースファイル\pandemic\debug\rankingscore.obj
c:\users\s-jobi604\desktop\quatro a\ソースファイル\pandemic\debug\result.obj
c:\users\s-jobi604\desktop\quatro a\ソースファイル\pandemic\debug\selectfont.obj
c:\users\s-jobi604\desktop\quatro a\ソースファイル\pandemic\debug\sound.obj
c:\users\s-jobi604\desktop\quatro a\ソースファイル\pandemic\debug\time.obj
c:\users\s-jobi604\desktop\quatro a\ソースファイル\pandemic\debug\title.obj
c:\users\s-jobi604\desktop\quatro a\ソースファイル\pandemic\debug\titlearrow.obj
c:\users\s-jobi604\desktop\quatro a\ソースファイル\pandemic\debug\titlefont.obj
c:\users\s-jobi604\desktop\quatro a\ソースファイル\pandemic\debug\titleplayer.obj
c:\users\s-jobi604\desktop\quatro a\ソースファイル\pandemic\debug\tutorial.obj
c:\users\s-jobi604\desktop\quatro a\ソースファイル\pandemic\debug\wall.obj
c:\users\s-jobi604\desktop\quatro a\ソースファイル\pandemic\debug\back.obj
c:\users\s-jobi604\desktop\quatro a\ソースファイル\pandemic\debug\ball.obj
c:\users\s-jobi604\desktop\quatro a\ソースファイル\pandemic\debug\bullet.obj
c:\users\s-jobi604\desktop\quatro a\ソースファイル\pandemic\debug\bulletcounter.obj
c:\users\s-jobi604\desktop\quatro a\ソースファイル\pandemic\debug\clear.obj
c:\users\s-jobi604\desktop\quatro a\ソースファイル\pandemic\debug\collision.obj
c:\users\s-jobi604\desktop\quatro a\ソースファイル\pandemic\debug\debugproc.obj
c:\users\s-jobi604\desktop\quatro a\ソースファイル\pandemic\debug\door.obj
c:\users\s-jobi604\desktop\quatro a\ソースファイル\pandemic\debug\enemy.obj
c:\users\s-jobi604\desktop\quatro a\ソースファイル\pandemic\debug\explosion.obj
c:\users\s-jobi604\desktop\quatro a\ソースファイル\pandemic\debug\fade.obj
c:\users\s-jobi604\desktop\quatro a\ソースファイル\pandemic\debug\font.obj
c:\users\s-jobi604\desktop\quatro a\ソースファイル\pandemic\debug\rankingplayer.obj
c:\users\s-jobi604\desktop\quatro a\ソースファイル\pandemic\debug\resultscore.obj
c:\users\s-jobi604\desktop\quatro a\ソースファイル\pandemic\debug\totalscore.obj
c:\users\s-jobi604\desktop\quatro a\ソースファイル\pandemic\debug\endgamescore.obj
c:\users\s-jobi604\desktop\quatro a\ソースファイル\pandemic\debug\pandemic.ilk
c:\users\s-jobi604\desktop\quatro a\ソースファイル\pandemic\debug\pandemic.exe
c:\users\s-jobi604\desktop\quatro a\ソースファイル\pandemic\debug\pandemic.pdb
c:\users\s-jobi604\desktop\quatro a\ソースファイル\pandemic\debug\pandemic.tlog\cl.command.1.tlog
c:\users\s-jobi604\desktop\quatro a\ソースファイル\pandemic\debug\pandemic.tlog\cl.read.1.tlog
c:\users\s-jobi604\desktop\quatro a\ソースファイル\pandemic\debug\pandemic.tlog\cl.write.1.tlog
c:\users\s-jobi604\desktop\quatro a\ソースファイル\pandemic\debug\pandemic.tlog\link.command.1.tlog
c:\users\s-jobi604\desktop\quatro a\ソースファイル\pandemic\debug\pandemic.tlog\link.read.1.tlog
c:\users\s-jobi604\desktop\quatro a\ソースファイル\pandemic\debug\pandemic.tlog\link.write.1.tlog
